[debug] [2022-07-26T04:30:41.856Z] ----------------------------------------------------------------------
[debug] [2022-07-26T04:30:41.858Z] Command:       C:\Program Files\nodejs\node.exe C:\Users\ponte\AppData\Roaming\npm\node_modules\firebase-tools\lib\bin\firebase.js init hosting
[debug] [2022-07-26T04:30:41.859Z] CLI Version:   11.3.0
[debug] [2022-07-26T04:30:41.859Z] Platform:      win32
[debug] [2022-07-26T04:30:41.859Z] Node Version:  v16.15.0
[debug] [2022-07-26T04:30:41.860Z] Time:          Mon Jul 25 2022 21:30:41 GMT-0700 (Pacific Daylight Time)
[debug] [2022-07-26T04:30:41.860Z] ----------------------------------------------------------------------
[debug] 
[debug] [2022-07-26T04:30:41.868Z] > command requires scopes: ["email","openid","https://www.googleapis.com/auth/cloudplatformprojects.readonly","https://www.googleapis.com/auth/firebase","https://www.googleapis.com/auth/cloud-platform"]
[debug] [2022-07-26T04:30:41.869Z] > authorizing via signed-in user (pontenate@gmail.com)
[info] 
     ######## #### ########  ######## ########     ###     ######  ########
     ##        ##  ##     ## ##       ##     ##  ##   ##  ##       ##
     ######    ##  ########  ######   ########  #########  ######  ######
     ##        ##  ##    ##  ##       ##     ## ##     ##       ## ##
     ##       #### ##     ## ######## ########  ##     ##  ######  ########

You're about to initialize a Firebase project in this directory:

  C:\Users\ponte\OneDrive\Desktop\google-clone-project

[info] 
=== Project Setup
[info] 
[info] First, let's associate this project directory with a Firebase project.
[info] You can create multiple project aliases by running firebase use --add, 
[info] but for now we'll just set up a default project.
[info] 
[debug] [2022-07-26T04:31:00.346Z] >>> [apiv2][query] GET https://firebase.googleapis.com/v1beta1/projects pageSize=100
[debug] [2022-07-26T04:31:00.690Z] <<< [apiv2][status] GET https://firebase.googleapis.com/v1beta1/projects 200
[debug] [2022-07-26T04:31:00.691Z] <<< [apiv2][body] GET https://firebase.googleapis.com/v1beta1/projects [omitted]
[info] i  Using project clone-f67a2 (google-clone) 
[info] 
=== Hosting Setup
[info] 
[info] Your public directory is the folder (relative to your project directory) that
[info] will contain Hosting assets to be uploaded with firebase deploy. If you
[info] have a build process for your assets, use your build's output directory.
[info] 
[debug] [2022-07-26T04:32:10.497Z] >>> [apiv2][query] GET https://www.gstatic.com/firebasejs/releases.json [none]
[debug] [2022-07-26T04:32:10.588Z] <<< [apiv2][status] GET https://www.gstatic.com/firebasejs/releases.json 200
[debug] [2022-07-26T04:32:10.588Z] <<< [apiv2][body] GET https://www.gstatic.com/firebasejs/releases.json {"current":{"version":"9.9.1","browserURL":"https://www.gstatic.com/firebasejs/9.9.1/firebase.js","packageURL":"https://www.gstatic.com/firebasejs/9.9.1/firebase.tgz"},"live":{"version":"9.9","browserURL":"https://www.gstatic.com/firebasejs/live/9.9/firebase.js","packageURL":"https://www.gstatic.com/firebasejs/live/9.9/firebase.tgz"},"components":{"analytics":"https://www.gstatic.com/firebasejs/9.9.1/firebase-analytics.js","app":"https://www.gstatic.com/firebasejs/9.9.1/firebase-app.js","app-check":"https://www.gstatic.com/firebasejs/9.9.1/firebase-app-check.js","auth":"https://www.gstatic.com/firebasejs/9.9.1/firebase-auth.js","auth/cordova":"https://www.gstatic.com/firebasejs/9.9.1/firebase-auth/cordova.js","auth/react-native":"https://www.gstatic.com/firebasejs/9.9.1/firebase-auth/react-native.js","functions":"https://www.gstatic.com/firebasejs/9.9.1/firebase-functions.js","firestore":"https://www.gstatic.com/firebasejs/9.9.1/firebase-firestore.js","firestore/lite":"https://www.gstatic.com/firebasejs/9.9.1/firebase-firestore/lite.js","installations":"https://www.gstatic.com/firebasejs/9.9.1/firebase-installations.js","storage":"https://www.gstatic.com/firebasejs/9.9.1/firebase-storage.js","performance":"https://www.gstatic.com/firebasejs/9.9.1/firebase-performance.js","remote-config":"https://www.gstatic.com/firebasejs/9.9.1/firebase-remote-config.js","messaging":"https://www.gstatic.com/firebasejs/9.9.1/firebase-messaging.js","messaging/sw":"https://www.gstatic.com/firebasejs/9.9.1/firebase-messaging/sw.js","database":"https://www.gstatic.com/firebasejs/9.9.1/firebase-database.js","firestore.memory":"https://www.gstatic.com/firebasejs/9.9.1/firebase-firestore.memory.js"}}
[info] +  Wrote build/index.html 
[info] 
[info] i  Detected a .git folder at C:\Users\ponte\OneDrive\Desktop\google-clone-project 
[info] i  Authorizing with GitHub to upload your service account to a GitHub repository's secrets store. 
[info] 
[info] Visit this URL on this device to log in:
[info] https://github.com/login/oauth/authorize?client_id=89cf50f02ac6aaed3484&state=404305265&redirect_uri=http%3A%2F%2Flocalhost%3A9005&scope=read%3Auser%20repo%20public_repo
[info] 
[info] Waiting for authentication...
[debug] [2022-07-26T04:32:15.760Z] >>> [apiv2][query] POST https://github.com/login/oauth/access_token [none]
[debug] [2022-07-26T04:32:15.761Z] >>> [apiv2][body] POST https://github.com/login/oauth/access_token [stream]
[debug] [2022-07-26T04:32:16.014Z] <<< [apiv2][status] POST https://github.com/login/oauth/access_token 200
[debug] [2022-07-26T04:32:16.014Z] <<< [apiv2][body] POST https://github.com/login/oauth/access_token {"access_token":"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","token_type":"bearer","scope":"read:user,repo"}
[debug] [2022-07-26T04:32:16.019Z] >>> [apiv2][query] GET https://api.github.com/user [none]
[debug] [2022-07-26T04:32:16.314Z] <<< [apiv2][status] GET https://api.github.com/user 200
[debug] [2022-07-26T04:32:16.314Z] <<< [apiv2][body] GET https://api.github.com/user {"login":"islandnate","id":103152481,"node_id":"U_kgDOBiX7YQ","avatar_url":"https://avatars.githubusercontent.com/u/103152481?v=4","gravatar_id":"","url":"https://api.github.com/users/islandnate","html_url":"https://github.com/islandnate","followers_url":"https://api.github.com/users/islandnate/followers","following_url":"https://api.github.com/users/islandnate/following{/other_user}","gists_url":"https://api.github.com/users/islandnate/gists{/gist_id}","starred_url":"https://api.github.com/users/islandnate/starred{/owner}{/repo}","subscriptions_url":"https://api.github.com/users/islandnate/subscriptions","organizations_url":"https://api.github.com/users/islandnate/orgs","repos_url":"https://api.github.com/users/islandnate/repos","events_url":"https://api.github.com/users/islandnate/events{/privacy}","received_events_url":"https://api.github.com/users/islandnate/received_events","type":"User","site_admin":false,"name":"Nate Lapin","company":null,"blog":"","location":null,"email":null,"hireable":null,"bio":null,"twitter_username":null,"public_repos":8,"public_gists":0,"followers":0,"following":0,"created_at":"2022-04-06T22:50:26Z","updated_at":"2022-04-07T00:03:09Z","private_gists":0,"total_private_repos":8,"owned_private_repos":8,"disk_usage":15968,"collaborators":0,"two_factor_authentication":false,"plan":{"name":"free","space":976562499,"collaborators":0,"private_repos":10000}}
[info] 
[info] +  Success! Logged into GitHub as islandnate 
[info] 
[debug] [2022-07-26T04:33:32.736Z] >>> [apiv2][query] GET https://api.github.com/repos//actions/secrets/public-key type=owner
[debug] [2022-07-26T04:33:32.945Z] <<< [apiv2][status] GET https://api.github.com/repos//actions/secrets/public-key 404
[debug] [2022-07-26T04:33:32.945Z] <<< [apiv2][body] GET https://api.github.com/repos//actions/secrets/public-key {"message":"Not Found","documentation_url":"https://docs.github.com/rest"}
[debug] [2022-07-26T04:33:37.721Z] >>> [apiv2][query] GET https://api.github.com/repos/repository/actions/secrets/public-key type=owner
[debug] [2022-07-26T04:33:37.908Z] <<< [apiv2][status] GET https://api.github.com/repos/repository/actions/secrets/public-key 404
[debug] [2022-07-26T04:33:37.908Z] <<< [apiv2][body] GET https://api.github.com/repos/repository/actions/secrets/public-key {"message":"Not Found","documentation_url":"https://docs.github.com/rest"}
